<?xml version="1.0" encoding="UTF-8"?>
<!-- Generated by org.testng.reporters.JUnitReportReporter -->
<testsuite skipped="0" hostname="ACUCLE-4ZDCRF2" name="main.ExampleTest" tests="2" failures="0" timestamp="08 Nov 2017 15:55:19 GMT" time="6.198" errors="0">
  <testcase name="testA" time="0.000" classname="main.ExampleTest"/>
  <testcase name="loginTest" time="6.198" classname="main.ExampleTest"/>
</testsuite> <!-- main.ExampleTest -->
