<?xml version="1.0" encoding="UTF-8"?>
<!-- Generated by org.testng.reporters.JUnitReportReporter -->
<testsuite skipped="0" hostname="ACUCLE-4ZDCRF2" name="main.ExampleTest" tests="2" failures="0" timestamp="08 Nov 2017 16:53:53 GMT" time="15.793" errors="0">
  <testcase name="loginTest" time="5.510" classname="main.ExampleTest"/>
  <testcase name="createAccounts" time="10.283" classname="main.ExampleTest"/>
</testsuite> <!-- main.ExampleTest -->
